#
# A fatal error has been detected by the Java Runtime Environment:
#
#  Internal Error (exceptions.cpp:397), pid=23725, tid=140197240809216
#  fatal error: ExceptionMark destructor expects no pending exceptions
#
# JRE version: 6.0_26-b03
# Java VM: Java HotSpot(TM) 64-Bit Server VM (20.1-b02 mixed mode linux-amd64 compressed oops)
# If you would like to submit a bug report, please visit:
#   http://java.sun.com/webapps/bugreport/crash.jsp
#

---------------  T H R E A D  ---------------

Current thread (0x000000004124b800):  JavaThread "Signal Dispatcher" daemon [_thread_in_vm, id=23732, stack(0x00007f82367ca000,0x00007f8236bcb000)]

Stack: [0x00007f82367ca000,0x00007f8236bcb000],  sp=0x00007f8236bc89b0,  free space=4090k
Native frames: (J=compiled Java code, j=interpreted, Vv=VM code, C=native code)
V  [libjvm.so+0x85ebd5]  VMError::report_and_die()+0x265
V  [libjvm.so+0x3e413d]  report_fatal(char const*, int, char const*)+0x4d
V  [libjvm.so+0x4366d1]  ExceptionMark::~ExceptionMark()+0x71
V  [libjvm.so+0x26b47a]  AttachListener::init()+0x2ba
V  [libjvm.so+0x26c95f]  AttachListener::is_init_trigger()+0xef
V  [libjvm.so+0x7095fc]  signal_thread_entry(JavaThread*, Thread*)+0x1fc
V  [libjvm.so+0x8190f1]  JavaThread::run()+0x121
V  [libjvm.so+0x710adf]  java_start(Thread*)+0x13f


---------------  P R O C E S S  ---------------

Java Threads: ( => current thread )
  0x00000000412c4000 JavaThread "Monitor Ctrl-Break" daemon [_thread_in_native, id=23737, stack(0x00007f82359b3000,0x00007f8235db4000)]
  0x0000000041255800 JavaThread "Low Memory Detector" daemon [_thread_blocked, id=23735, stack(0x00007f82361c7000,0x00007f82365c8000)]
  0x0000000041250800 JavaThread "C2 CompilerThread1" daemon [_thread_blocked, id=23734, stack(0x00007f82365c8000,0x00007f82366c9000)]
  0x000000004124d800 JavaThread "C2 CompilerThread0" daemon [_thread_blocked, id=23733, stack(0x00007f82366c9000,0x00007f82367ca000)]
=>0x000000004124b800 JavaThread "Signal Dispatcher" daemon [_thread_in_vm, id=23732, stack(0x00007f82367ca000,0x00007f8236bcb000)]
  0x0000000041229800 JavaThread "Finalizer" daemon [_thread_blocked, id=23731, stack(0x00007f8237255000,0x00007f8237656000)]
  0x0000000041227800 JavaThread "Reference Handler" daemon [_thread_blocked, id=23730, stack(0x00007f8237656000,0x00007f8237a57000)]
  0x00000000411c7000 JavaThread "main" [_thread_blocked, id=23726, stack(0x00007f823c1e5000,0x00007f823c5e6000)]

Other Threads:
  0x0000000041221000 VMThread [stack: 0x00007f8237a57000,0x00007f8237b58000] [id=23729]
  0x0000000041260000 WatcherThread [stack: 0x00007f82360c6000,0x00007f82361c7000] [id=23736]

VM state:synchronizing (normal execution)

VM Mutex/Monitor currently owned by a thread:  ([mutex/lock_event])
[0x00000000411c3e80] Threads_lock - owner thread: 0x0000000041221000
[0x00000000411c4380] Heap_lock - owner thread: 0x00000000411c7000

Heap
 PSYoungGen      total 133312K, used 128000K [0x00000000f5560000, 0x0000000100000000, 0x0000000100000000)
  eden space 128000K, 100% used [0x00000000f5560000,0x00000000fd260000,0x00000000fd260000)
  from space 5312K, 0% used [0x00000000fd260000,0x00000000fd260000,0x00000000fd790000)
  to   space 41408K, 0% used [0x00000000fd790000,0x00000000fd790000,0x0000000100000000)
 PSOldGen        total 349568K, used 349567K [0x00000000e0000000, 0x00000000f5560000, 0x00000000f5560000)
  object space 349568K, 99% used [0x00000000e0000000,0x00000000f555fff8,0x00000000f5560000)
 PSPermGen       total 21248K, used 8886K [0x00000000dae00000, 0x00000000dc2c0000, 0x00000000e0000000)
  object space 21248K, 41% used [0x00000000dae00000,0x00000000db6adac8,0x00000000dc2c0000)

Code Cache  [0x00007f823844f000, 0x00007f82386bf000, 0x00007f823b44f000)
 total_blobs=243 nmethods=35 adapters=163 free_code_cache=49852032 largest_free_block=6592

Dynamic libraries:
40000000-40009000 r-xp 00000000 08:06 262959                             /usr/lib/jvm/java-6-sun-1.6.0.26/jre/bin/java
40108000-4010a000 rwxp 00008000 08:06 262959                             /usr/lib/jvm/java-6-sun-1.6.0.26/jre/bin/java
411be000-42a2b000 rwxp 00000000 00:00 0                                  [heap]
dae00000-dc2c0000 rwxp 00000000 00:00 0 
dc2c0000-e0000000 rwxp 00000000 00:00 0 
e0000000-f5560000 rwxp 00000000 00:00 0 
f5560000-100000000 rwxp 00000000 00:00 0 
7f8230000000-7f8230073000 rwxp 00000000 00:00 0 
7f8230073000-7f8234000000 ---p 00000000 00:00 0 
7f823589c000-7f82358af000 r-xp 00000000 08:06 263587                     /usr/lib/jvm/java-6-sun-1.6.0.26/jre/lib/amd64/libnet.so
7f82358af000-7f82359b0000 ---p 00013000 08:06 263587                     /usr/lib/jvm/java-6-sun-1.6.0.26/jre/lib/amd64/libnet.so
7f82359b0000-7f82359b3000 rwxp 00014000 08:06 263587                     /usr/lib/jvm/java-6-sun-1.6.0.26/jre/lib/amd64/libnet.so
7f82359b3000-7f82359b6000 ---p 00000000 00:00 0 
7f82359b6000-7f8235db4000 rwxp 00000000 00:00 0 
7f8235db4000-7f8235db5000 r-xp 00000000 08:08 2631699                    /home/arjan/apps/idea-IC-111.69/bin/libbreakgen64.so
7f8235db5000-7f8235fb4000 ---p 00001000 08:08 2631699                    /home/arjan/apps/idea-IC-111.69/bin/libbreakgen64.so
7f8235fb4000-7f8235fb5000 r-xp 00000000 08:08 2631699                    /home/arjan/apps/idea-IC-111.69/bin/libbreakgen64.so
7f8235fb5000-7f8235fb6000 rwxp 00001000 08:08 2631699                    /home/arjan/apps/idea-IC-111.69/bin/libbreakgen64.so
7f8235fb6000-7f8236049000 r-xs 00632000 08:08 4737801                    /home/arjan/.ivy2/local/org.scalaz/scalaz-core_2.9.1/7.0-SNAPSHOT/jars/scalaz-core_2.9.1.jar
7f8236049000-7f82360c6000 r-xs 007f2000 08:08 4336947                    /home/arjan/.sbt/boot/scala-2.9.1/lib/scala-library.jar
7f82360c6000-7f82360c7000 ---p 00000000 00:00 0 
7f82360c7000-7f82361c7000 rwxp 00000000 00:00 0 
7f82361c7000-7f82361ca000 ---p 00000000 00:00 0 
7f82361ca000-7f82365c8000 rwxp 00000000 00:00 0 
7f82365c8000-7f82365cb000 ---p 00000000 00:00 0 
7f82365cb000-7f82366c9000 rwxp 00000000 00:00 0 
7f82366c9000-7f82366cc000 ---p 00000000 00:00 0 
7f82366cc000-7f82367ca000 rwxp 00000000 00:00 0 
7f82367ca000-7f82367cd000 ---p 00000000 00:00 0 
7f82367cd000-7f8236bcb000 rwxp 00000000 00:00 0 
7f8236bcb000-7f8237255000 r-xp 00000000 08:06 138805                     /usr/lib/locale/locale-archive
7f8237255000-7f8237258000 ---p 00000000 00:00 0 
7f8237258000-7f8237656000 rwxp 00000000 00:00 0 
7f8237656000-7f8237659000 ---p 00000000 00:00 0 
7f8237659000-7f8237a57000 rwxp 00000000 00:00 0 
7f8237a57000-7f8237a58000 ---p 00000000 00:00 0 
7f8237a58000-7f8237e8f000 rwxp 00000000 00:00 0 
7f8237e8f000-7f8238027000 r-xs 03029000 08:06 263662                     /usr/lib/jvm/java-6-sun-1.6.0.26/jre/lib/rt.jar
7f8238027000-7f823804f000 rwxp 00000000 00:00 0 
7f823804f000-7f8238050000 ---p 00000000 00:00 0 
7f8238050000-7f8238150000 rwxp 00000000 00:00 0 
7f8238150000-7f8238151000 ---p 00000000 00:00 0 
7f8238151000-7f823825c000 rwxp 00000000 00:00 0 
7f823825c000-7f823827a000 rwxp 00000000 00:00 0 
7f823827a000-7f8238325000 rwxp 00000000 00:00 0 
7f8238325000-7f8238330000 rwxp 00000000 00:00 0 
7f8238330000-7f823834e000 rwxp 00000000 00:00 0 
7f823834e000-7f82383f8000 rwxp 00000000 00:00 0 
7f82383f8000-7f823844e000 rwxp 00000000 00:00 0 
7f823844e000-7f82386bf000 rwxp 00000000 00:00 0 
7f82386bf000-7f823b44f000 rwxp 00000000 00:00 0 
7f823b44f000-7f823b45d000 r-xp 00000000 08:06 263608                     /usr/lib/jvm/java-6-sun-1.6.0.26/jre/lib/amd64/libzip.so
7f823b45d000-7f823b55f000 ---p 0000e000 08:06 263608                     /usr/lib/jvm/java-6-sun-1.6.0.26/jre/lib/amd64/libzip.so
7f823b55f000-7f823b562000 rwxp 00010000 08:06 263608                     /usr/lib/jvm/java-6-sun-1.6.0.26/jre/lib/amd64/libzip.so
7f823b562000-7f823b563000 rwxp 00000000 00:00 0 
7f823b563000-7f823b56f000 r-xp 00000000 08:06 1181343                    /lib/x86_64-linux-gnu/libnss_files-2.13.so
7f823b56f000-7f823b76e000 ---p 0000c000 08:06 1181343                    /lib/x86_64-linux-gnu/libnss_files-2.13.so
7f823b76e000-7f823b76f000 r-xp 0000b000 08:06 1181343                    /lib/x86_64-linux-gnu/libnss_files-2.13.so
7f823b76f000-7f823b770000 rwxp 0000c000 08:06 1181343                    /lib/x86_64-linux-gnu/libnss_files-2.13.so
7f823b770000-7f823b77b000 r-xp 00000000 08:06 1181347                    /lib/x86_64-linux-gnu/libnss_nis-2.13.so
7f823b77b000-7f823b97a000 ---p 0000b000 08:06 1181347                    /lib/x86_64-linux-gnu/libnss_nis-2.13.so
7f823b97a000-7f823b97b000 r-xp 0000a000 08:06 1181347                    /lib/x86_64-linux-gnu/libnss_nis-2.13.so
7f823b97b000-7f823b97c000 rwxp 0000b000 08:06 1181347                    /lib/x86_64-linux-gnu/libnss_nis-2.13.so
7f823b97c000-7f823b984000 r-xp 00000000 08:06 1181339                    /lib/x86_64-linux-gnu/libnss_compat-2.13.so
7f823b984000-7f823bb83000 ---p 00008000 08:06 1181339                    /lib/x86_64-linux-gnu/libnss_compat-2.13.so
7f823bb83000-7f823bb84000 r-xp 00007000 08:06 1181339                    /lib/x86_64-linux-gnu/libnss_compat-2.13.so
7f823bb84000-7f823bb85000 rwxp 00008000 08:06 1181339                    /lib/x86_64-linux-gnu/libnss_compat-2.13.so
7f823bb85000-7f823bb9c000 r-xp 00000000 08:06 1181337                    /lib/x86_64-linux-gnu/libnsl-2.13.so
7f823bb9c000-7f823bd9b000 ---p 00017000 08:06 1181337                    /lib/x86_64-linux-gnu/libnsl-2.13.so
7f823bd9b000-7f823bd9c000 r-xp 00016000 08:06 1181337                    /lib/x86_64-linux-gnu/libnsl-2.13.so
7f823bd9c000-7f823bd9d000 rwxp 00017000 08:06 1181337                    /lib/x86_64-linux-gnu/libnsl-2.13.so
7f823bd9d000-7f823bd9f000 rwxp 00000000 00:00 0 
7f823bd9f000-7f823bdc8000 r-xp 00000000 08:06 263607                     /usr/lib/jvm/java-6-sun-1.6.0.26/jre/lib/amd64/libjava.so
7f823bdc8000-7f823bec7000 ---p 00029000 08:06 263607                     /usr/lib/jvm/java-6-sun-1.6.0.26/jre/lib/amd64/libjava.so
7f823bec7000-7f823bece000 rwxp 00028000 08:06 263607                     /usr/lib/jvm/java-6-sun-1.6.0.26/jre/lib/amd64/libjava.so
7f823bece000-7f823bedb000 r-xp 00000000 08:06 263586                     /usr/lib/jvm/java-6-sun-1.6.0.26/jre/lib/amd64/libverify.so
7f823bedb000-7f823bfda000 ---p 0000d000 08:06 263586                     /usr/lib/jvm/java-6-sun-1.6.0.26/jre/lib/amd64/libverify.so
7f823bfda000-7f823bfdd000 rwxp 0000c000 08:06 263586                     /usr/lib/jvm/java-6-sun-1.6.0.26/jre/lib/amd64/libverify.so
7f823bfdd000-7f823bfe4000 r-xp 00000000 08:06 1181366                    /lib/x86_64-linux-gnu/librt-2.13.so
7f823bfe4000-7f823c1e3000 ---p 00007000 08:06 1181366                    /lib/x86_64-linux-gnu/librt-2.13.so
7f823c1e3000-7f823c1e4000 r-xp 00006000 08:06 1181366                    /lib/x86_64-linux-gnu/librt-2.13.so
7f823c1e4000-7f823c1e5000 rwxp 00007000 08:06 1181366                    /lib/x86_64-linux-gnu/librt-2.13.so
7f823c1e5000-7f823c1e8000 ---p 00000000 00:00 0 
7f823c1e8000-7f823c5e6000 rwxp 00000000 00:00 0 
7f823c5e6000-7f823c66a000 r-xp 00000000 08:06 1181334                    /lib/x86_64-linux-gnu/libm-2.13.so
7f823c66a000-7f823c869000 ---p 00084000 08:06 1181334                    /lib/x86_64-linux-gnu/libm-2.13.so
7f823c869000-7f823c86a000 r-xp 00083000 08:06 1181334                    /lib/x86_64-linux-gnu/libm-2.13.so
7f823c86a000-7f823c86b000 rwxp 00084000 08:06 1181334                    /lib/x86_64-linux-gnu/libm-2.13.so
7f823c86b000-7f823d185000 r-xp 00000000 08:06 263610                     /usr/lib/jvm/java-6-sun-1.6.0.26/jre/lib/amd64/server/libjvm.so
7f823d185000-7f823d287000 ---p 0091a000 08:06 263610                     /usr/lib/jvm/java-6-sun-1.6.0.26/jre/lib/amd64/server/libjvm.so
7f823d287000-7f823d43c000 rwxp 0091c000 08:06 263610                     /usr/lib/jvm/java-6-sun-1.6.0.26/jre/lib/amd64/server/libjvm.so
7f823d43c000-7f823d476000 rwxp 00000000 00:00 0 
7f823d476000-7f823d600000 r-xp 00000000 08:06 1181297                    /lib/x86_64-linux-gnu/libc-2.13.so
7f823d600000-7f823d7ff000 ---p 0018a000 08:06 1181297                    /lib/x86_64-linux-gnu/libc-2.13.so
7f823d7ff000-7f823d803000 r-xp 00189000 08:06 1181297                    /lib/x86_64-linux-gnu/libc-2.13.so
7f823d803000-7f823d804000 rwxp 0018d000 08:06 1181297                    /lib/x86_64-linux-gnu/libc-2.13.so
7f823d804000-7f823d80a000 rwxp 00000000 00:00 0 
7f823d80a000-7f823d80c000 r-xp 00000000 08:06 1181307                    /lib/x86_64-linux-gnu/libdl-2.13.so
7f823d80c000-7f823da0c000 ---p 00002000 08:06 1181307                    /lib/x86_64-linux-gnu/libdl-2.13.so
7f823da0c000-7f823da0d000 r-xp 00002000 08:06 1181307                    /lib/x86_64-linux-gnu/libdl-2.13.so
7f823da0d000-7f823da0e000 rwxp 00003000 08:06 1181307                    /lib/x86_64-linux-gnu/libdl-2.13.so
7f823da0e000-7f823da26000 r-xp 00000000 08:06 1181362                    /lib/x86_64-linux-gnu/libpthread-2.13.so
7f823da26000-7f823dc26000 ---p 00018000 08:06 1181362                    /lib/x86_64-linux-gnu/libpthread-2.13.so
7f823dc26000-7f823dc27000 r-xp 00018000 08:06 1181362                    /lib/x86_64-linux-gnu/libpthread-2.13.so
7f823dc27000-7f823dc28000 rwxp 00019000 08:06 1181362                    /lib/x86_64-linux-gnu/libpthread-2.13.so
7f823dc28000-7f823dc2c000 rwxp 00000000 00:00 0 
7f823dc2c000-7f823dc4d000 r-xp 00000000 08:06 1181284                    /lib/x86_64-linux-gnu/ld-2.13.so
7f823dc59000-7f823dc63000 rwxp 00000000 00:00 0 
7f823dc63000-7f823dd19000 rwxp 00000000 00:00 0 
7f823dd19000-7f823dd1c000 rwxp 00000000 00:00 0 
7f823dd1c000-7f823dd23000 r-xp 00000000 08:06 263580                     /usr/lib/jvm/java-6-sun-1.6.0.26/jre/lib/amd64/jli/libjli.so
7f823dd23000-7f823de24000 ---p 00007000 08:06 263580                     /usr/lib/jvm/java-6-sun-1.6.0.26/jre/lib/amd64/jli/libjli.so
7f823de24000-7f823de26000 rwxp 00008000 08:06 263580                     /usr/lib/jvm/java-6-sun-1.6.0.26/jre/lib/amd64/jli/libjli.so
7f823de26000-7f823de27000 rwxp 00000000 00:00 0 
7f823de35000-7f823de37000 r-xs 00013000 08:08 2631643                    /home/arjan/apps/idea-IC-111.69/lib/idea_rt.jar
7f823de37000-7f823de40000 r-xs 0004e000 08:08 4859723                    /home/arjan/.ivy2/local/org.scalaz/scalaz-effect_2.9.1/7.0-SNAPSHOT/jars/scalaz-effect_2.9.1.jar
7f823de40000-7f823de48000 rwxs 00000000 08:06 263314                     /tmp/hsperfdata_arjan/23725
7f823de48000-7f823de49000 rwxp 00000000 00:00 0 
7f823de49000-7f823de4a000 ---p 00000000 00:00 0 
7f823de4a000-7f823de4c000 rwxp 00000000 00:00 0 
7f823de4c000-7f823de4d000 r-xp 00020000 08:06 1181284                    /lib/x86_64-linux-gnu/ld-2.13.so
7f823de4d000-7f823de4f000 rwxp 00021000 08:06 1181284                    /lib/x86_64-linux-gnu/ld-2.13.so
7fff23405000-7fff23426000 rwxp 00000000 00:00 0                          [stack]
7fff234cb000-7fff234cc000 r-xp 00000000 00:00 0                          [vdso]
ffffffffff600000-ffffffffff601000 r-xp 00000000 00:00 0                  [vsyscall]

VM Arguments:
jvm_args: -Xmx512m -Xss4m -Didea.launcher.port=7532 -Didea.launcher.bin.path=/home/arjan/apps/idea-IC-111.69/bin -Dfile.encoding=UTF-8 
java_command: com.intellij.rt.execution.application.AppMain pipes.example.PipeExamples
Launcher Type: SUN_STANDARD

Environment Variables:
CLASSPATH=../lib/bootstrap.jar:../lib/util.jar:../lib/jdom.jar:../lib/log4j.jar:../lib/extensions.jar:../lib/trove4j.jar:../lib/jna.jar:/usr/lib/jvm/java-6-sun/lib/tools.jar:
PATH=/home/arjan/bin:/usr/local/sbin:/usr/local/bin:/usr/sbin:/usr/bin:/sbin:/bin:/usr/games
USERNAME=arjan
LD_LIBRARY_PATH=/usr/lib/jvm/java-6-sun-1.6.0.26/jre/lib/amd64/server:/usr/lib/jvm/java-6-sun-1.6.0.26/jre/lib/amd64:/usr/lib/jvm/java-6-sun-1.6.0.26/jre/../lib/amd64:.:
SHELL=/bin/bash
DISPLAY=:0.0

Signal Handlers:
SIGSEGV: [libjvm.so+0x85f800], sa_mask[0]=0x7ffbfeff, sa_flags=0x10000004
SIGBUS: [libjvm.so+0x85f800], sa_mask[0]=0x7ffbfeff, sa_flags=0x10000004
SIGFPE: [libjvm.so+0x70e300], sa_mask[0]=0x7ffbfeff, sa_flags=0x10000004
SIGPIPE: [libjvm.so+0x70e300], sa_mask[0]=0x7ffbfeff, sa_flags=0x10000004
SIGXFSZ: [libjvm.so+0x70e300], sa_mask[0]=0x7ffbfeff, sa_flags=0x10000004
SIGILL: [libjvm.so+0x70e300], sa_mask[0]=0x7ffbfeff, sa_flags=0x10000004
SIGUSR1: SIG_DFL, sa_mask[0]=0x00000000, sa_flags=0x00000000
SIGUSR2: [libjvm.so+0x711110], sa_mask[0]=0x00000004, sa_flags=0x10000004
SIGHUP: [libjvm.so+0x710d10], sa_mask[0]=0x7ffbfeff, sa_flags=0x10000004
SIGINT: [libjvm.so+0x710d10], sa_mask[0]=0x7ffbfeff, sa_flags=0x10000004
SIGTERM: [libjvm.so+0x710d10], sa_mask[0]=0x7ffbfeff, sa_flags=0x10000004
SIGQUIT: [libjvm.so+0x710d10], sa_mask[0]=0x7ffbfeff, sa_flags=0x10000004


---------------  S Y S T E M  ---------------

OS:squeeze/sid

uname:Linux 2.6.38-13-generic #55-Ubuntu SMP Tue Jan 24 15:34:24 UTC 2012 x86_64
libc:glibc 2.13 NPTL 2.13 
rlimit: STACK 8192k, CORE 0k, NPROC infinity, NOFILE 4096, AS infinity
load average:0.92 0.45 0.26

/proc/meminfo:
MemTotal:        8181940 kB
MemFree:         1821332 kB
Buffers:          379440 kB
Cached:           781492 kB
SwapCached:          352 kB
Active:          4271804 kB
Inactive:        1532976 kB
Active(anon):    3724836 kB
Inactive(anon):   942976 kB
Active(file):     546968 kB
Inactive(file):   590000 kB
Unevictable:          52 kB
Mlocked:              52 kB
SwapTotal:       7807552 kB
SwapFree:        7800644 kB
Dirty:               672 kB
Writeback:             0 kB
AnonPages:       4643964 kB
Mapped:           245276 kB
Shmem:             23652 kB
Slab:             276908 kB
SReclaimable:     244256 kB
SUnreclaim:        32652 kB
KernelStack:        4928 kB
PageTables:        54444 kB
NFS_Unstable:          0 kB
Bounce:                0 kB
WritebackTmp:          0 kB
CommitLimit:    11898520 kB
Committed_AS:    8044944 kB
VmallocTotal:   34359738367 kB
VmallocUsed:      145060 kB
VmallocChunk:   34359564284 kB
HardwareCorrupted:     0 kB
HugePages_Total:       0
HugePages_Free:        0
HugePages_Rsvd:        0
HugePages_Surp:        0
Hugepagesize:       2048 kB
DirectMap4k:     1222980 kB
DirectMap2M:     7153664 kB


CPU:total 2 (2 cores per cpu, 1 threads per core) family 6 model 23 stepping 10, cmov, cx8, fxsr, mmx, sse, sse2, sse3, ssse3, sse4.1

/proc/cpuinfo:
processor	: 0
vendor_id	: GenuineIntel
cpu family	: 6
model		: 23
model name	: Intel(R) Core(TM)2 Duo CPU     T9600  @ 2.80GHz
stepping	: 10
cpu MHz		: 2801.000
cache size	: 6144 KB
physical id	: 0
siblings	: 2
core id		: 0
cpu cores	: 2
apicid		: 0
initial apicid	: 0
fpu		: yes
fpu_exception	: yes
cpuid level	: 13
wp		: yes
flags		: fpu vme de pse tsc msr pae mce cx8 apic sep mtrr pge mca cmov pat pse36 clflush dts acpi mmx fxsr sse sse2 ss ht tm pbe syscall nx lm constant_tsc arch_perfmon pebs bts rep_good nopl aperfmperf pni dtes64 monitor ds_cpl vmx smx est tm2 ssse3 cx16 xtpr pdcm sse4_1 xsave lahf_lm ida dts tpr_shadow vnmi flexpriority
bogomips	: 5586.24
clflush size	: 64
cache_alignment	: 64
address sizes	: 36 bits physical, 48 bits virtual
power management:

processor	: 1
vendor_id	: GenuineIntel
cpu family	: 6
model		: 23
model name	: Intel(R) Core(TM)2 Duo CPU     T9600  @ 2.80GHz
stepping	: 10
cpu MHz		: 2801.000
cache size	: 6144 KB
physical id	: 0
siblings	: 2
core id		: 1
cpu cores	: 2
apicid		: 1
initial apicid	: 1
fpu		: yes
fpu_exception	: yes
cpuid level	: 13
wp		: yes
flags		: fpu vme de pse tsc msr pae mce cx8 apic sep mtrr pge mca cmov pat pse36 clflush dts acpi mmx fxsr sse sse2 ss ht tm pbe syscall nx lm constant_tsc arch_perfmon pebs bts rep_good nopl aperfmperf pni dtes64 monitor ds_cpl vmx smx est tm2 ssse3 cx16 xtpr pdcm sse4_1 xsave lahf_lm ida dts tpr_shadow vnmi flexpriority
bogomips	: 5586.04
clflush size	: 64
cache_alignment	: 64
address sizes	: 36 bits physical, 48 bits virtual
power management:



Memory: 4k page, physical 8181940k(1821332k free), swap 7807552k(7800644k free)

vm_info: Java HotSpot(TM) 64-Bit Server VM (20.1-b02) for linux-amd64 JRE (1.6.0_26-b03), built on May  4 2011 01:13:47 by "java_re" with gcc 3.2.2 (SuSE Linux)

time: Sun Feb 19 13:10:40 2012
elapsed time: 30 seconds

